#
# There is insufficient memory for the Java Runtime Environment to continue.
# Native memory allocation (malloc) failed to allocate 260816 bytes for Chunk::new
# Possible reasons:
#   The system is out of physical RAM or swap space
#   The process is running with CompressedOops enabled, and the Java Heap may be blocking the growth of the native heap
# Possible solutions:
#   Reduce memory load on the system
#   Increase physical memory or swap space
#   Check if swap backing store is full
#   Decrease Java heap size (-Xmx/-Xms)
#   Decrease number of Java threads
#   Decrease Java thread stack sizes (-Xss)
#   Set larger code cache with -XX:ReservedCodeCacheSize=
#   JVM is running with Unscaled Compressed Oops mode in which the Java heap is
#     placed in the first 4GB address space. The Java Heap base address is the
#     maximum limit for the native heap growth. Please use -XX:HeapBaseMinAddress
#     to set the Java Heap base and to place the Java Heap above 4GB virtual address.
# This output file may be truncated or incomplete.
#
#  Out of Memory Error (arena.cpp:189), pid=9224, tid=9676
#
# JRE version: OpenJDK Runtime Environment JBR-17.0.3+7-469.32-jcef (17.0.3+7) (build 17.0.3+7-b469.32)
# Java VM: OpenJDK 64-Bit Server VM JBR-17.0.3+7-469.32-jcef (17.0.3+7-b469.32, mixed mode, tiered, compressed oops, compressed class ptrs, g1 gc, windows-amd64)
# No core dump will be written. Minidumps are not enabled by default on client versions of Windows
#

---------------  S U M M A R Y ------------

Command Line: git4idea.http.GitAskPassApp Username for 'https://github.com': 

Host: Intel(R) Core(TM) i3-5010U CPU @ 2.10GHz, 4 cores, 7G,  Windows 10 , 64 bit Build 19041 (10.0.19041.1889)
Time: Sat Sep 17 09:25:01 2022 Pacific Daylight Time elapsed time: 0.507505 seconds (0d 0h 0m 0s)

---------------  T H R E A D  ---------------

Current thread (0x0000012c7f936230):  JavaThread "C2 CompilerThread0" daemon [_thread_in_native, id=9676, stack(0x0000000552200000,0x0000000552300000)]


Current CompileTask:
C2:    507  109 %     4       java.util.zip.ZipFile$Source::initCEN @ 240 (591 bytes)

Stack: [0x0000000552200000,0x0000000552300000]
Native frames: (J=compiled Java code, j=interpreted, Vv=VM code, C=native code)
V  [jvm.dll+0x681f8a]
V  [jvm.dll+0x83e374]
V  [jvm.dll+0x83fb1e]
V  [jvm.dll+0x840183]
V  [jvm.dll+0x2492a5]
V  [jvm.dll+0xabd5c]
V  [jvm.dll+0xac32c]
V  [jvm.dll+0x2b054f]
V  [jvm.dll+0x5888a7]
V  [jvm.dll+0x223af2]
V  [jvm.dll+0x21d339]
V  [jvm.dll+0x21ac6b]
V  [jvm.dll+0x1a49dd]
V  [jvm.dll+0x22a7e8]
V  [jvm.dll+0x228891]
V  [jvm.dll+0x7f3d6c]
V  [jvm.dll+0x7ee2ea]
V  [jvm.dll+0x680dc5]
C  [ucrtbase.dll+0x21bb2]
C  [KERNEL32.DLL+0x17034]
C  [ntdll.dll+0x52651]


---------------  P R O C E S S  ---------------

Threads class SMR info:
_java_thread_list=0x0000012c7fa6c370, length=12, elements={
0x0000012c697a1a50, 0x0000012c7efb03a0, 0x0000012c7efb25e0, 0x0000012c7eff8590,
0x0000012c7f91d420, 0x0000012c7f91e570, 0x0000012c7f91f6c0, 0x0000012c7f936230,
0x0000012c7f936f90, 0x0000012c7f953080, 0x0000012c7fa879e0, 0x0000012c7fa8ced0
}

Java Threads: ( => current thread )
  0x0000012c697a1a50 JavaThread "main" [_thread_in_vm, id=11416, stack(0x0000000551500000,0x0000000551600000)]
  0x0000012c7efb03a0 JavaThread "Reference Handler" daemon [_thread_blocked, id=15476, stack(0x0000000551c00000,0x0000000551d00000)]
  0x0000012c7efb25e0 JavaThread "Finalizer" daemon [_thread_blocked, id=1144, stack(0x0000000551d00000,0x0000000551e00000)]
  0x0000012c7eff8590 JavaThread "Signal Dispatcher" daemon [_thread_blocked, id=204, stack(0x0000000551e00000,0x0000000551f00000)]
  0x0000012c7f91d420 JavaThread "Attach Listener" daemon [_thread_blocked, id=9564, stack(0x0000000551f00000,0x0000000552000000)]
  0x0000012c7f91e570 JavaThread "Service Thread" daemon [_thread_blocked, id=4916, stack(0x0000000552000000,0x0000000552100000)]
  0x0000012c7f91f6c0 JavaThread "Monitor Deflation Thread" daemon [_thread_blocked, id=8692, stack(0x0000000552100000,0x0000000552200000)]
=>0x0000012c7f936230 JavaThread "C2 CompilerThread0" daemon [_thread_in_native, id=9676, stack(0x0000000552200000,0x0000000552300000)]
  0x0000012c7f936f90 JavaThread "C1 CompilerThread0" daemon [_thread_blocked, id=584, stack(0x0000000552300000,0x0000000552400000)]
  0x0000012c7f953080 JavaThread "Sweeper thread" daemon [_thread_blocked, id=5308, stack(0x0000000552400000,0x0000000552500000)]
  0x0000012c7fa879e0 JavaThread "Notification Thread" daemon [_thread_blocked, id=2152, stack(0x0000000552500000,0x0000000552600000)]
  0x0000012c7fa8ced0 JavaThread "Common-Cleaner" daemon [_thread_blocked, id=10672, stack(0x0000000552700000,0x0000000552800000)]

Other Threads:
  0x0000012c7efc9270 VMThread "VM Thread" [stack: 0x0000000551b00000,0x0000000551c00000] [id=2852]
  0x0000012c7ef4de10 WatcherThread [stack: 0x0000000552600000,0x0000000552700000] [id=14408]
  0x0000012c697fb870 GCTaskThread "GC Thread#0" [stack: 0x0000000551600000,0x0000000551700000] [id=1108]
  0x0000012c6980c5b0 ConcurrentGCThread "G1 Main Marker" [stack: 0x0000000551700000,0x0000000551800000] [id=972]
  0x0000012c6980cfd0 ConcurrentGCThread "G1 Conc#0" [stack: 0x0000000551800000,0x0000000551900000] [id=14848]
  0x0000012c7ee220b0 ConcurrentGCThread "G1 Refine#0" [stack: 0x0000000551900000,0x0000000551a00000] [id=8736]
  0x0000012c7ee22ad0 ConcurrentGCThread "G1 Service" [stack: 0x0000000551a00000,0x0000000551b00000] [id=816]

Threads with active compile tasks:
C2 CompilerThread0      680  109 %     4       java.util.zip.ZipFile$Source::initCEN @ 240 (591 bytes)

VM state: not at safepoint (normal execution)

VM Mutex/Monitor currently owned by a thread:  ([mutex/lock_event])
[0x0000012c6776c310] Metaspace_lock - owner thread: 0x0000012c697a1a50

Heap address: 0x0000000081000000, size: 2032 MB, Compressed Oops mode: 32-bit

CDS archive(s) not mapped
Compressed class space mapped at: 0x0000000100000000-0x0000000140000000, reserved size: 1073741824
Narrow klass base: 0x0000000000000000, Narrow klass shift: 3, Narrow klass range: 0x140000000

GC Precious Log:
 CPUs: 4 total, 4 available
 Memory: 8123M
 Large Page Support: Disabled
 NUMA Support: Disabled
 Compressed Oops: Enabled (32-bit)
 Heap Region Size: 1M
 Heap Min Capacity: 8M
 Heap Initial Capacity: 128M
 Heap Max Capacity: 2032M
 Pre-touch: Disabled
 Parallel Workers: 4
 Concurrent Workers: 1
 Concurrent Refinement Workers: 4
 Periodic GC: Disabled

Heap:
 garbage-first heap   total 131072K, used 14336K [0x0000000081000000, 0x0000000100000000)
  region size 1024K, 2 young (2048K), 0 survivors (0K)
 Metaspace       used 5114K, committed 5248K, reserved 1056768K
  class space    used 432K, committed 512K, reserved 1048576K

Heap Regions: E=young(eden), S=young(survivor), O=old, HS=humongous(starts), HC=humongous(continues), CS=collection set, F=free, OA=open archive, CA=closed archive, TAMS=top-at-mark-start (previous, next)
|   0|0x0000000081000000, 0x0000000081100000, 0x0000000081100000|100%|HS|  |TAMS 0x0000000081000000, 0x0000000081000000| Complete 
|   1|0x0000000081100000, 0x0000000081200000, 0x0000000081200000|100%|HC|  |TAMS 0x0000000081100000, 0x0000000081100000| Complete 
|   2|0x0000000081200000, 0x0000000081300000, 0x0000000081300000|100%|HC|  |TAMS 0x0000000081200000, 0x0000000081200000| Complete 
|   3|0x0000000081300000, 0x0000000081400000, 0x0000000081400000|100%|HC|  |TAMS 0x0000000081300000, 0x0000000081300000| Complete 
|   4|0x0000000081400000, 0x0000000081500000, 0x0000000081500000|100%|HC|  |TAMS 0x0000000081400000, 0x0000000081400000| Complete 
|   5|0x0000000081500000, 0x0000000081600000, 0x0000000081600000|100%|HC|  |TAMS 0x0000000081500000, 0x0000000081500000| Complete 
|   6|0x0000000081600000, 0x0000000081700000, 0x0000000081700000|100%|HC|  |TAMS 0x0000000081600000, 0x0000000081600000| Complete 
|   7|0x0000000081700000, 0x0000000081800000, 0x0000000081800000|100%|HC|  |TAMS 0x0000000081700000, 0x0000000081700000| Complete 
|   8|0x0000000081800000, 0x0000000081900000, 0x0000000081900000|100%|HC|  |TAMS 0x0000000081800000, 0x0000000081800000| Complete 
|   9|0x0000000081900000, 0x0000000081a00000, 0x0000000081a00000|100%|HC|  |TAMS 0x0000000081900000, 0x0000000081900000| Complete 
|  10|0x0000000081a00000, 0x0000000081b00000, 0x0000000081b00000|100%|HC|  |TAMS 0x0000000081a00000, 0x0000000081a00000| Complete 
|  11|0x0000000081b00000, 0x0000000081c00000, 0x0000000081c00000|100%|HS|  |TAMS 0x0000000081b00000, 0x0000000081b00000| Complete 
|  12|0x0000000081c00000, 0x0000000081d00000, 0x0000000081d00000|100%|HC|  |TAMS 0x0000000081c00000, 0x0000000081c00000| Complete 
|  13|0x0000000081d00000, 0x0000000081d00000, 0x0000000081e00000|  0%| F|  |TAMS 0x0000000081d00000, 0x0000000081d00000| Untracked 
|  14|0x0000000081e00000, 0x0000000081e00000, 0x0000000081f00000|  0%| F|  |TAMS 0x0000000081e00000, 0x0000000081e00000| Untracked 
|  15|0x0000000081f00000, 0x0000000081f00000, 0x0000000082000000|  0%| F|  |TAMS 0x0000000081f00000, 0x0000000081f00000| Untracked 
|  16|0x0000000082000000, 0x0000000082000000, 0x0000000082100000|  0%| F|  |TAMS 0x0000000082000000, 0x0000000082000000| Untracked 
|  17|0x0000000082100000, 0x0000000082100000, 0x0000000082200000|  0%| F|  |TAMS 0x0000000082100000, 0x0000000082100000| Untracked 
|  18|0x0000000082200000, 0x0000000082200000, 0x0000000082300000|  0%| F|  |TAMS 0x0000000082200000, 0x0000000082200000| Untracked 
|  19|0x0000000082300000, 0x0000000082300000, 0x0000000082400000|  0%| F|  |TAMS 0x0000000082300000, 0x0000000082300000| Untracked 
|  20|0x0000000082400000, 0x0000000082400000, 0x0000000082500000|  0%| F|  |TAMS 0x0000000082400000, 0x0000000082400000| Untracked 
|  21|0x0000000082500000, 0x0000000082500000, 0x0000000082600000|  0%| F|  |TAMS 0x0000000082500000, 0x0000000082500000| Untracked 
|  22|0x0000000082600000, 0x0000000082600000, 0x0000000082700000|  0%| F|  |TAMS 0x0000000082600000, 0x0000000082600000| Untracked 
|  23|0x0000000082700000, 0x0000000082700000, 0x0000000082800000|  0%| F|  |TAMS 0x0000000082700000, 0x0000000082700000| Untracked 
|  24|0x0000000082800000, 0x0000000082800000, 0x0000000082900000|  0%| F|  |TAMS 0x0000000082800000, 0x0000000082800000| Untracked 
|  25|0x0000000082900000, 0x0000000082900000, 0x0000000082a00000|  0%| F|  |TAMS 0x0000000082900000, 0x0000000082900000| Untracked 
|  26|0x0000000082a00000, 0x0000000082a00000, 0x0000000082b00000|  0%| F|  |TAMS 0x0000000082a00000, 0x0000000082a00000| Untracked 
|  27|0x0000000082b00000, 0x0000000082b00000, 0x0000000082c00000|  0%| F|  |TAMS 0x0000000082b00000, 0x0000000082b00000| Untracked 
|  28|0x0000000082c00000, 0x0000000082c00000, 0x0000000082d00000|  0%| F|  |TAMS 0x0000000082c00000, 0x0000000082c00000| Untracked 
|  29|0x0000000082d00000, 0x0000000082d00000, 0x0000000082e00000|  0%| F|  |TAMS 0x0000000082d00000, 0x0000000082d00000| Untracked 
|  30|0x0000000082e00000, 0x0000000082e00000, 0x0000000082f00000|  0%| F|  |TAMS 0x0000000082e00000, 0x0000000082e00000| Untracked 
|  31|0x0000000082f00000, 0x0000000082f00000, 0x0000000083000000|  0%| F|  |TAMS 0x0000000082f00000, 0x0000000082f00000| Untracked 
|  32|0x0000000083000000, 0x0000000083000000, 0x0000000083100000|  0%| F|  |TAMS 0x0000000083000000, 0x0000000083000000| Untracked 
|  33|0x0000000083100000, 0x0000000083100000, 0x0000000083200000|  0%| F|  |TAMS 0x0000000083100000, 0x0000000083100000| Untracked 
|  34|0x0000000083200000, 0x0000000083200000, 0x0000000083300000|  0%| F|  |TAMS 0x0000000083200000, 0x0000000083200000| Untracked 
|  35|0x0000000083300000, 0x0000000083300000, 0x0000000083400000|  0%| F|  |TAMS 0x0000000083300000, 0x0000000083300000| Untracked 
|  36|0x0000000083400000, 0x0000000083400000, 0x0000000083500000|  0%| F|  |TAMS 0x0000000083400000, 0x0000000083400000| Untracked 
|  37|0x0000000083500000, 0x0000000083500000, 0x0000000083600000|  0%| F|  |TAMS 0x0000000083500000, 0x0000000083500000| Untracked 
|  38|0x0000000083600000, 0x0000000083600000, 0x0000000083700000|  0%| F|  |TAMS 0x0000000083600000, 0x0000000083600000| Untracked 
|  39|0x0000000083700000, 0x0000000083700000, 0x0000000083800000|  0%| F|  |TAMS 0x0000000083700000, 0x0000000083700000| Untracked 
|  40|0x0000000083800000, 0x0000000083800000, 0x0000000083900000|  0%| F|  |TAMS 0x0000000083800000, 0x0000000083800000| Untracked 
|  41|0x0000000083900000, 0x0000000083900000, 0x0000000083a00000|  0%| F|  |TAMS 0x0000000083900000, 0x0000000083900000| Untracked 
|  42|0x0000000083a00000, 0x0000000083a00000, 0x0000000083b00000|  0%| F|  |TAMS 0x0000000083a00000, 0x0000000083a00000| Untracked 
|  43|0x0000000083b00000, 0x0000000083b00000, 0x0000000083c00000|  0%| F|  |TAMS 0x0000000083b00000, 0x0000000083b00000| Untracked 
|  44|0x0000000083c00000, 0x0000000083c00000, 0x0000000083d00000|  0%| F|  |TAMS 0x0000000083c00000, 0x0000000083c00000| Untracked 
|  45|0x0000000083d00000, 0x0000000083d00000, 0x0000000083e00000|  0%| F|  |TAMS 0x0000000083d00000, 0x0000000083d00000| Untracked 
|  46|0x0000000083e00000, 0x0000000083e00000, 0x0000000083f00000|  0%| F|  |TAMS 0x0000000083e00000, 0x0000000083e00000| Untracked 
|  47|0x0000000083f00000, 0x0000000083f00000, 0x0000000084000000|  0%| F|  |TAMS 0x0000000083f00000, 0x0000000083f00000| Untracked 
|  48|0x0000000084000000, 0x0000000084000000, 0x0000000084100000|  0%| F|  |TAMS 0x0000000084000000, 0x0000000084000000| Untracked 
|  49|0x0000000084100000, 0x0000000084100000, 0x0000000084200000|  0%| F|  |TAMS 0x0000000084100000, 0x0000000084100000| Untracked 
|  50|0x0000000084200000, 0x0000000084200000, 0x0000000084300000|  0%| F|  |TAMS 0x0000000084200000, 0x0000000084200000| Untracked 
|  51|0x0000000084300000, 0x0000000084300000, 0x0000000084400000|  0%| F|  |TAMS 0x0000000084300000, 0x0000000084300000| Untracked 
|  52|0x0000000084400000, 0x0000000084400000, 0x0000000084500000|  0%| F|  |TAMS 0x0000000084400000, 0x0000000084400000| Untracked 
|  53|0x0000000084500000, 0x0000000084500000, 0x0000000084600000|  0%| F|  |TAMS 0x0000000084500000, 0x0000000084500000| Untracked 
|  54|0x0000000084600000, 0x0000000084600000, 0x0000000084700000|  0%| F|  |TAMS 0x0000000084600000, 0x0000000084600000| Untracked 
|  55|0x0000000084700000, 0x0000000084700000, 0x0000000084800000|  0%| F|  |TAMS 0x0000000084700000, 0x0000000084700000| Untracked 
|  56|0x0000000084800000, 0x0000000084800000, 0x0000000084900000|  0%| F|  |TAMS 0x0000000084800000, 0x0000000084800000| Untracked 
|  57|0x0000000084900000, 0x0000000084900000, 0x0000000084a00000|  0%| F|  |TAMS 0x0000000084900000, 0x0000000084900000| Untracked 
|  58|0x0000000084a00000, 0x0000000084a00000, 0x0000000084b00000|  0%| F|  |TAMS 0x0000000084a00000, 0x0000000084a00000| Untracked 
|  59|0x0000000084b00000, 0x0000000084b00000, 0x0000000084c00000|  0%| F|  |TAMS 0x0000000084b00000, 0x0000000084b00000| Untracked 
|  60|0x0000000084c00000, 0x0000000084c00000, 0x0000000084d00000|  0%| F|  |TAMS 0x0000000084c00000, 0x0000000084c00000| Untracked 
|  61|0x0000000084d00000, 0x0000000084d00000, 0x0000000084e00000|  0%| F|  |TAMS 0x0000000084d00000, 0x0000000084d00000| Untracked 
|  62|0x0000000084e00000, 0x0000000084e00000, 0x0000000084f00000|  0%| F|  |TAMS 0x0000000084e00000, 0x0000000084e00000| Untracked 
|  63|0x0000000084f00000, 0x0000000084f00000, 0x0000000085000000|  0%| F|  |TAMS 0x0000000084f00000, 0x0000000084f00000| Untracked 
|  64|0x0000000085000000, 0x0000000085000000, 0x0000000085100000|  0%| F|  |TAMS 0x0000000085000000, 0x0000000085000000| Untracked 
|  65|0x0000000085100000, 0x0000000085100000, 0x0000000085200000|  0%| F|  |TAMS 0x0000000085100000, 0x0000000085100000| Untracked 
|  66|0x0000000085200000, 0x0000000085200000, 0x0000000085300000|  0%| F|  |TAMS 0x0000000085200000, 0x0000000085200000| Untracked 
|  67|0x0000000085300000, 0x0000000085300000, 0x0000000085400000|  0%| F|  |TAMS 0x0000000085300000, 0x0000000085300000| Untracked 
|  68|0x0000000085400000, 0x0000000085400000, 0x0000000085500000|  0%| F|  |TAMS 0x0000000085400000, 0x0000000085400000| Untracked 
|  69|0x0000000085500000, 0x0000000085500000, 0x0000000085600000|  0%| F|  |TAMS 0x0000000085500000, 0x0000000085500000| Untracked 
|  70|0x0000000085600000, 0x0000000085600000, 0x0000000085700000|  0%| F|  |TAMS 0x0000000085600000, 0x0000000085600000| Untracked 
|  71|0x0000000085700000, 0x0000000085700000, 0x0000000085800000|  0%| F|  |TAMS 0x0000000085700000, 0x0000000085700000| Untracked 
|  72|0x0000000085800000, 0x0000000085800000, 0x0000000085900000|  0%| F|  |TAMS 0x0000000085800000, 0x0000000085800000| Untracked 
|  73|0x0000000085900000, 0x0000000085900000, 0x0000000085a00000|  0%| F|  |TAMS 0x0000000085900000, 0x0000000085900000| Untracked 
|  74|0x0000000085a00000, 0x0000000085a00000, 0x0000000085b00000|  0%| F|  |TAMS 0x0000000085a00000, 0x0000000085a00000| Untracked 
|  75|0x0000000085b00000, 0x0000000085b00000, 0x0000000085c00000|  0%| F|  |TAMS 0x0000000085b00000, 0x0000000085b00000| Untracked 
|  76|0x0000000085c00000, 0x0000000085c00000, 0x0000000085d00000|  0%| F|  |TAMS 0x0000000085c00000, 0x0000000085c00000| Untracked 
|  77|0x0000000085d00000, 0x0000000085d00000, 0x0000000085e00000|  0%| F|  |TAMS 0x0000000085d00000, 0x0000000085d00000| Untracked 
|  78|0x0000000085e00000, 0x0000000085e00000, 0x0000000085f00000|  0%| F|  |TAMS 0x0000000085e00000, 0x0000000085e00000| Untracked 
|  79|0x0000000085f00000, 0x0000000085f00000, 0x0000000086000000|  0%| F|  |TAMS 0x0000000085f00000, 0x0000000085f00000| Untracked 
|  80|0x0000000086000000, 0x0000000086000000, 0x0000000086100000|  0%| F|  |TAMS 0x0000000086000000, 0x0000000086000000| Untracked 
|  81|0x0000000086100000, 0x0000000086100000, 0x0000000086200000|  0%| F|  |TAMS 0x0000000086100000, 0x0000000086100000| Untracked 
|  82|0x0000000086200000, 0x0000000086200000, 0x0000000086300000|  0%| F|  |TAMS 0x0000000086200000, 0x0000000086200000| Untracked 
|  83|0x0000000086300000, 0x0000000086300000, 0x0000000086400000|  0%| F|  |TAMS 0x0000000086300000, 0x0000000086300000| Untracked 
|  84|0x0000000086400000, 0x0000000086400000, 0x0000000086500000|  0%| F|  |TAMS 0x0000000086400000, 0x0000000086400000| Untracked 
|  85|0x0000000086500000, 0x0000000086500000, 0x0000000086600000|  0%| F|  |TAMS 0x0000000086500000, 0x0000000086500000| Untracked 
|  86|0x0000000086600000, 0x0000000086600000, 0x0000000086700000|  0%| F|  |TAMS 0x0000000086600000, 0x0000000086600000| Untracked 
|  87|0x0000000086700000, 0x0000000086700000, 0x0000000086800000|  0%| F|  |TAMS 0x0000000086700000, 0x0000000086700000| Untracked 
|  88|0x0000000086800000, 0x0000000086800000, 0x0000000086900000|  0%| F|  |TAMS 0x0000000086800000, 0x0000000086800000| Untracked 
|  89|0x0000000086900000, 0x0000000086900000, 0x0000000086a00000|  0%| F|  |TAMS 0x0000000086900000, 0x0000000086900000| Untracked 
|  90|0x0000000086a00000, 0x0000000086a00000, 0x0000000086b00000|  0%| F|  |TAMS 0x0000000086a00000, 0x0000000086a00000| Untracked 
|  91|0x0000000086b00000, 0x0000000086b00000, 0x0000000086c00000|  0%| F|  |TAMS 0x0000000086b00000, 0x0000000086b00000| Untracked 
|  92|0x0000000086c00000, 0x0000000086c00000, 0x0000000086d00000|  0%| F|  |TAMS 0x0000000086c00000, 0x0000000086c00000| Untracked 
|  93|0x0000000086d00000, 0x0000000086d00000, 0x0000000086e00000|  0%| F|  |TAMS 0x0000000086d00000, 0x0000000086d00000| Untracked 
|  94|0x0000000086e00000, 0x0000000086e00000, 0x0000000086f00000|  0%| F|  |TAMS 0x0000000086e00000, 0x0000000086e00000| Untracked 
|  95|0x0000000086f00000, 0x0000000086f00000, 0x0000000087000000|  0%| F|  |TAMS 0x0000000086f00000, 0x0000000086f00000| Untracked 
|  96|0x0000000087000000, 0x0000000087000000, 0x0000000087100000|  0%| F|  |TAMS 0x0000000087000000, 0x0000000087000000| Untracked 
|  97|0x0000000087100000, 0x0000000087100000, 0x0000000087200000|  0%| F|  |TAMS 0x0000000087100000, 0x0000000087100000| Untracked 
|  98|0x0000000087200000, 0x0000000087200000, 0x0000000087300000|  0%| F|  |TAMS 0x0000000087200000, 0x0000000087200000| Untracked 
|  99|0x0000000087300000, 0x0000000087300000, 0x0000000087400000|  0%| F|  |TAMS 0x0000000087300000, 0x0000000087300000| Untracked 
| 100|0x0000000087400000, 0x0000000087400000, 0x0000000087500000|  0%| F|  |TAMS 0x0000000087400000, 0x0000000087400000| Untracked 
| 101|0x0000000087500000, 0x0000000087500000, 0x0000000087600000|  0%| F|  |TAMS 0x0000000087500000, 0x0000000087500000| Untracked 
| 102|0x0000000087600000, 0x0000000087600000, 0x0000000087700000|  0%| F|  |TAMS 0x0000000087600000, 0x0000000087600000| Untracked 
| 103|0x0000000087700000, 0x0000000087700000, 0x0000000087800000|  0%| F|  |TAMS 0x0000000087700000, 0x0000000087700000| Untracked 
| 104|0x0000000087800000, 0x0000000087800000, 0x0000000087900000|  0%| F|  |TAMS 0x0000000087800000, 0x0000000087800000| Untracked 
| 105|0x0000000087900000, 0x0000000087900000, 0x0000000087a00000|  0%| F|  |TAMS 0x0000000087900000, 0x0000000087900000| Untracked 
| 106|0x0000000087a00000, 0x0000000087a00000, 0x0000000087b00000|  0%| F|  |TAMS 0x0000000087a00000, 0x0000000087a00000| Untracked 
| 107|0x0000000087b00000, 0x0000000087b00000, 0x0000000087c00000|  0%| F|  |TAMS 0x0000000087b00000, 0x0000000087b00000| Untracked 
| 108|0x0000000087c00000, 0x0000000087c00000, 0x0000000087d00000|  0%| F|  |TAMS 0x0000000087c00000, 0x0000000087c00000| Untracked 
| 109|0x0000000087d00000, 0x0000000087d00000, 0x0000000087e00000|  0%| F|  |TAMS 0x0000000087d00000, 0x0000000087d00000| Untracked 
| 110|0x0000000087e00000, 0x0000000087e00000, 0x0000000087f00000|  0%| F|  |TAMS 0x0000000087e00000, 0x0000000087e00000| Untracked 
| 111|0x0000000087f00000, 0x0000000087f00000, 0x0000000088000000|  0%| F|  |TAMS 0x0000000087f00000, 0x0000000087f00000| Untracked 
| 112|0x0000000088000000, 0x0000000088000000, 0x0000000088100000|  0%| F|  |TAMS 0x0000000088000000, 0x0000000088000000| Untracked 
| 113|0x0000000088100000, 0x0000000088100000, 0x0000000088200000|  0%| F|  |TAMS 0x0000000088100000, 0x0000000088100000| Untracked 
| 114|0x0000000088200000, 0x0000000088200000, 0x0000000088300000|  0%| F|  |TAMS 0x0000000088200000, 0x0000000088200000| Untracked 
| 115|0x0000000088300000, 0x0000000088300000, 0x0000000088400000|  0%| F|  |TAMS 0x0000000088300000, 0x0000000088300000| Untracked 
| 116|0x0000000088400000, 0x0000000088400000, 0x0000000088500000|  0%| F|  |TAMS 0x0000000088400000, 0x0000000088400000| Untracked 
| 117|0x0000000088500000, 0x0000000088500000, 0x0000000088600000|  0%| F|  |TAMS 0x0000000088500000, 0x0000000088500000| Untracked 
| 118|0x0000000088600000, 0x0000000088600000, 0x0000000088700000|  0%| F|  |TAMS 0x0000000088600000, 0x0000000088600000| Untracked 
| 119|0x0000000088700000, 0x0000000088700000, 0x0000000088800000|  0%| F|  |TAMS 0x0000000088700000, 0x0000000088700000| Untracked 
| 120|0x0000000088800000, 0x0000000088800000, 0x0000000088900000|  0%| F|  |TAMS 0x0000000088800000, 0x0000000088800000| Untracked 
| 121|0x0000000088900000, 0x0000000088900000, 0x0000000088a00000|  0%| F|  |TAMS 0x0000000088900000, 0x0000000088900000| Untracked 
| 122|0x0000000088a00000, 0x0000000088a00000, 0x0000000088b00000|  0%| F|  |TAMS 0x0000000088a00000, 0x0000000088a00000| Untracked 
| 123|0x0000000088b00000, 0x0000000088b00000, 0x0000000088c00000|  0%| F|  |TAMS 0x0000000088b00000, 0x0000000088b00000| Untracked 
| 124|0x0000000088c00000, 0x0000000088c00000, 0x0000000088d00000|  0%| F|  |TAMS 0x0000000088c00000, 0x0000000088c00000| Untracked 
| 125|0x0000000088d00000, 0x0000000088d00000, 0x0000000088e00000|  0%| F|  |TAMS 0x0000000088d00000, 0x0000000088d00000| Untracked 
| 126|0x0000000088e00000, 0x0000000088e78900, 0x0000000088f00000| 47%| E|  |TAMS 0x0000000088e00000, 0x0000000088e00000| Complete 
| 127|0x0000000088f00000, 0x0000000089000000, 0x0000000089000000|100%| E|CS|TAMS 0x0000000088f00000, 0x0000000088f00000| Complete 

Card table byte_map: [0x0000012c7c300000,0x0000012c7c700000] _byte_map_base: 0x0000012c7bef8000

Marking Bits (Prev, Next): (CMBitMap*) 0x0000012c697fbe80, (CMBitMap*) 0x0000012c697fbec0
 Prev Bits: [0x0000012c7cb00000, 0x0000012c7eac0000)
 Next Bits: [0x0000012c00000000, 0x0000012c01fc0000)

Polling page: 0x0000012c67610000

Metaspace:

Usage:
  Non-class:      4.57 MB used.
      Class:    432.95 KB used.
       Both:      4.99 MB used.

Virtual space:
  Non-class space:        8.00 MB reserved,       4.62 MB ( 58%) committed,  1 nodes.
      Class space:        1.00 GB reserved,     512.00 KB ( <1%) committed,  1 nodes.
             Both:        1.01 GB reserved,       5.12 MB ( <1%) committed. 

Chunk freelists:
   Non-Class:  2.99 MB
       Class:  3.55 MB
        Both:  6.54 MB

MaxMetaspaceSize: unlimited
CompressedClassSpaceSize: 1.00 GB
Initial GC threshold: 21.00 MB
Current GC threshold: 21.00 MB
CDS: off
MetaspaceReclaimPolicy: balanced
 - commit_granule_bytes: 65536.
 - commit_granule_words: 8192.
 - virtual_space_node_default_size: 1048576.
 - enlarge_chunks_in_place: 1.
 - new_chunks_are_fully_committed: 0.
 - uncommit_free_chunks: 1.
 - use_allocation_guard: 0.
 - handle_deallocations: 1.


Internal statistics:

num_allocs_failed_limit: 0.
num_arena_births: 4.
num_arena_deaths: 0.
num_vsnodes_births: 2.
num_vsnodes_deaths: 0.
num_space_committed: 82.
num_space_uncommitted: 0.
num_chunks_returned_to_freelist: 0.
num_chunks_taken_from_freelist: 11.
num_chunk_merges: 0.
num_chunk_splits: 4.
num_chunks_enlarged: 1.
num_purges: 0.
num_inconsistent_stats: 0.

CodeHeap 'non-profiled nmethods': size=120000Kb used=24Kb max_used=24Kb free=119975Kb
 bounds [0x0000012c749d0000, 0x0000012c74c40000, 0x0000012c7bf00000]
CodeHeap 'profiled nmethods': size=120000Kb used=194Kb max_used=194Kb free=119805Kb
 bounds [0x0000012c6d4a0000, 0x0000012c6d710000, 0x0000012c749d0000]
CodeHeap 'non-nmethods': size=5760Kb used=1066Kb max_used=1070Kb free=4693Kb
 bounds [0x0000012c6cf00000, 0x0000012c6d170000, 0x0000012c6d4a0000]
 total_blobs=447 nmethods=117 adapters=243
 compilation: enabled
              stopped_count=0, restarted_count=0
 full_count=0

Compilation events (20 events):
Event: 0.413 Thread 0x0000012c7f936f90 nmethod 108 0x0000012c6d4c8090 code [0x0000012c6d4c85c0, 0x0000012c6d4cb5b8]
Event: 0.418 Thread 0x0000012c7f936230  109 %     4       java.util.zip.ZipFile$Source::initCEN @ 240 (591 bytes)
Event: 0.422 Thread 0x0000012c7f936f90  110       3       java.lang.String::<init> (15 bytes)
Event: 0.423 Thread 0x0000012c7f936f90 nmethod 110 0x0000012c6d4cc910 code [0x0000012c6d4ccaa0, 0x0000012c6d4ccc58]
Event: 0.424 Thread 0x0000012c7f936f90  111       3       java.util.HashMap::put (13 bytes)
Event: 0.425 Thread 0x0000012c7f936f90 nmethod 111 0x0000012c6d4ccd10 code [0x0000012c6d4ccec0, 0x0000012c6d4cd1b8]
Event: 0.425 Thread 0x0000012c7f936f90  113       3       java.lang.StringLatin1::newString (24 bytes)
Event: 0.425 Thread 0x0000012c7f936f90 nmethod 113 0x0000012c6d4cd310 code [0x0000012c6d4cd4e0, 0x0000012c6d4cd808]
Event: 0.425 Thread 0x0000012c7f936f90  112       3       java.util.Arrays::copyOfRange (64 bytes)
Event: 0.427 Thread 0x0000012c7f936f90 nmethod 112 0x0000012c6d4cd910 code [0x0000012c6d4cdb80, 0x0000012c6d4ce478]
Event: 0.429 Thread 0x0000012c7f936f90  114       3       java.lang.CharacterData::of (136 bytes)
Event: 0.431 Thread 0x0000012c7f936f90 nmethod 114 0x0000012c6d4ce810 code [0x0000012c6d4cea40, 0x0000012c6d4cf3d8]
Event: 0.431 Thread 0x0000012c7f936f90  115       3       java.lang.CharacterDataLatin1::toUpperCase (53 bytes)
Event: 0.432 Thread 0x0000012c7f936f90 nmethod 115 0x0000012c6d4cf610 code [0x0000012c6d4cf7c0, 0x0000012c6d4cfa58]
Event: 0.432 Thread 0x0000012c7f936f90  116       3       java.lang.Character::toUpperCase (6 bytes)
Event: 0.432 Thread 0x0000012c7f936f90 nmethod 116 0x0000012c6d4cfb90 code [0x0000012c6d4cfd40, 0x0000012c6d4cff98]
Event: 0.432 Thread 0x0000012c7f936f90  117       3       java.lang.Character::toUpperCase (9 bytes)
Event: 0.433 Thread 0x0000012c7f936f90 nmethod 117 0x0000012c6d4d0090 code [0x0000012c6d4d0240, 0x0000012c6d4d0438]
Event: 0.433 Thread 0x0000012c7f936f90  118       3       java.util.TreeMap::parentOf (13 bytes)
Event: 0.433 Thread 0x0000012c7f936f90 nmethod 118 0x0000012c6d4d0510 code [0x0000012c6d4d06a0, 0x0000012c6d4d0818]

GC Heap History (0 events):
No events

Deoptimization events (20 events):
Event: 0.369 Thread 0x0000012c697a1a50 DEOPT PACKING pc=0x0000012c6d4b890c sp=0x00000005515fa290
Event: 0.369 Thread 0x0000012c697a1a50 DEOPT UNPACKING pc=0x0000012c6cf52b43 sp=0x00000005515f9720 mode 0
Event: 0.369 Thread 0x0000012c697a1a50 DEOPT PACKING pc=0x0000012c6d4b890c sp=0x00000005515fa290
Event: 0.369 Thread 0x0000012c697a1a50 DEOPT UNPACKING pc=0x0000012c6cf52b43 sp=0x00000005515f9720 mode 0
Event: 0.369 Thread 0x0000012c697a1a50 DEOPT PACKING pc=0x0000012c6d4b890c sp=0x00000005515fa290
Event: 0.369 Thread 0x0000012c697a1a50 DEOPT UNPACKING pc=0x0000012c6cf52b43 sp=0x00000005515f9720 mode 0
Event: 0.369 Thread 0x0000012c697a1a50 DEOPT PACKING pc=0x0000012c6d4b890c sp=0x00000005515fa290
Event: 0.369 Thread 0x0000012c697a1a50 DEOPT UNPACKING pc=0x0000012c6cf52b43 sp=0x00000005515f9720 mode 0
Event: 0.369 Thread 0x0000012c697a1a50 DEOPT PACKING pc=0x0000012c6d4b890c sp=0x00000005515fa290
Event: 0.369 Thread 0x0000012c697a1a50 DEOPT UNPACKING pc=0x0000012c6cf52b43 sp=0x00000005515f9720 mode 0
Event: 0.369 Thread 0x0000012c697a1a50 DEOPT PACKING pc=0x0000012c6d4b890c sp=0x00000005515fa290
Event: 0.369 Thread 0x0000012c697a1a50 DEOPT UNPACKING pc=0x0000012c6cf52b43 sp=0x00000005515f9720 mode 0
Event: 0.369 Thread 0x0000012c697a1a50 DEOPT PACKING pc=0x0000012c6d4b890c sp=0x00000005515fa290
Event: 0.369 Thread 0x0000012c697a1a50 DEOPT UNPACKING pc=0x0000012c6cf52b43 sp=0x00000005515f9720 mode 0
Event: 0.369 Thread 0x0000012c697a1a50 DEOPT PACKING pc=0x0000012c6d4b890c sp=0x00000005515fa290
Event: 0.370 Thread 0x0000012c697a1a50 DEOPT UNPACKING pc=0x0000012c6cf52b43 sp=0x00000005515f9720 mode 0
Event: 0.370 Thread 0x0000012c697a1a50 DEOPT PACKING pc=0x0000012c6d4b890c sp=0x00000005515fa290
Event: 0.370 Thread 0x0000012c697a1a50 DEOPT UNPACKING pc=0x0000012c6cf52b43 sp=0x00000005515f9720 mode 0
Event: 0.370 Thread 0x0000012c697a1a50 DEOPT PACKING pc=0x0000012c6d4b890c sp=0x00000005515fa290
Event: 0.370 Thread 0x0000012c697a1a50 DEOPT UNPACKING pc=0x0000012c6cf52b43 sp=0x00000005515f9720 mode 0

Classes unloaded (0 events):
No events

Classes redefined (0 events):
No events

Internal exceptions (0 events):
No events

VM Operations (4 events):
Event: 0.424 Executing VM operation: HandshakeAllThreads
Event: 0.424 Executing VM operation: HandshakeAllThreads done
Event: 0.424 Executing VM operation: HandshakeAllThreads
Event: 0.424 Executing VM operation: HandshakeAllThreads done

Events (20 events):
Event: 0.425 loading class java/lang/ProcessEnvironment$CheckedEntry done
Event: 0.434 loading class java/lang/invoke/MethodType$ConcurrentWeakInternSet
Event: 0.434 loading class java/lang/invoke/MethodType$ConcurrentWeakInternSet done
Event: 0.435 loading class java/lang/invoke/MethodTypeForm
Event: 0.435 loading class java/lang/invoke/MethodTypeForm done
Event: 0.435 loading class java/lang/invoke/MethodType$ConcurrentWeakInternSet$WeakEntry
Event: 0.436 loading class java/lang/invoke/MethodType$ConcurrentWeakInternSet$WeakEntry done
Event: 0.437 loading class sun/invoke/util/Wrapper
Event: 0.437 loading class sun/invoke/util/Wrapper done
Event: 0.438 loading class sun/invoke/util/Wrapper$Format
Event: 0.438 loading class sun/invoke/util/Wrapper$Format done
Event: 0.438 loading class java/lang/invoke/LambdaForm$NamedFunction
Event: 0.438 loading class java/lang/invoke/LambdaForm$NamedFunction done
Event: 0.439 loading class java/lang/invoke/DirectMethodHandle$Holder
Event: 0.439 loading class java/lang/invoke/DirectMethodHandle$Holder done
Event: 0.439 loading class sun/invoke/util/ValueConversions
Event: 0.440 loading class sun/invoke/util/ValueConversions done
Event: 0.440 loading class java/lang/invoke/MethodHandleImpl
Event: 0.441 loading class java/lang/invoke/MethodHandleImpl done
Event: 0.441 loading class java/lang/invoke/Invokers


Dynamic libraries:
0x00007ff6d1460000 - 0x00007ff6d146a000 	C:\Program Files\JetBrains\IntelliJ IDEA 2022.2\jbr\bin\java.exe
0x00007ffbb9e30000 - 0x00007ffbba028000 	C:\WINDOWS\SYSTEM32\ntdll.dll
0x00007ffbb8ca0000 - 0x00007ffbb8d5d000 	C:\WINDOWS\System32\KERNEL32.DLL
0x00007ffbb7650000 - 0x00007ffbb791e000 	C:\WINDOWS\System32\KERNELBASE.dll
0x00007ffbb7c80000 - 0x00007ffbb7d80000 	C:\WINDOWS\System32\ucrtbase.dll
0x00007ffb69d80000 - 0x00007ffb69d9b000 	C:\Program Files\JetBrains\IntelliJ IDEA 2022.2\jbr\bin\VCRUNTIME140.dll
0x00007ffb69d60000 - 0x00007ffb69d77000 	C:\Program Files\JetBrains\IntelliJ IDEA 2022.2\jbr\bin\jli.dll
0x00007ffbb9330000 - 0x00007ffbb94d0000 	C:\WINDOWS\System32\USER32.dll
0x00007ffbaa760000 - 0x00007ffbaa9fa000 	C:\WINDOWS\WinSxS\amd64_microsoft.windows.common-controls_6595b64144ccf1df_6.0.19041.1110_none_60b5254171f9507e\COMCTL32.dll
0x00007ffbb7550000 - 0x00007ffbb7572000 	C:\WINDOWS\System32\win32u.dll
0x00007ffbb9020000 - 0x00007ffbb90be000 	C:\WINDOWS\System32\msvcrt.dll
0x00007ffbb9300000 - 0x00007ffbb932a000 	C:\WINDOWS\System32\GDI32.dll
0x00007ffbb7d80000 - 0x00007ffbb7e8b000 	C:\WINDOWS\System32\gdi32full.dll
0x00007ffbb7580000 - 0x00007ffbb761d000 	C:\WINDOWS\System32\msvcp_win.dll
0x00007ffbb84a0000 - 0x00007ffbb84d0000 	C:\WINDOWS\System32\IMM32.DLL
0x00007ffbad680000 - 0x00007ffbad68c000 	C:\Program Files\JetBrains\IntelliJ IDEA 2022.2\jbr\bin\vcruntime140_1.dll
0x00007ffb483e0000 - 0x00007ffb4846d000 	C:\Program Files\JetBrains\IntelliJ IDEA 2022.2\jbr\bin\msvcp140.dll
0x00007ffb46710000 - 0x00007ffb47378000 	C:\Program Files\JetBrains\IntelliJ IDEA 2022.2\jbr\bin\server\jvm.dll
0x00007ffbb82d0000 - 0x00007ffbb837e000 	C:\WINDOWS\System32\ADVAPI32.dll
0x00007ffbb8040000 - 0x00007ffbb80dc000 	C:\WINDOWS\System32\sechost.dll
0x00007ffbb9c50000 - 0x00007ffbb9d75000 	C:\WINDOWS\System32\RPCRT4.dll
0x00007ffbb9de0000 - 0x00007ffbb9de8000 	C:\WINDOWS\System32\PSAPI.DLL
0x00007ffba28b0000 - 0x00007ffba28b9000 	C:\WINDOWS\SYSTEM32\WSOCK32.dll
0x00007ffbb90c0000 - 0x00007ffbb912b000 	C:\WINDOWS\System32\WS2_32.dll
0x00007ffba5740000 - 0x00007ffba5767000 	C:\WINDOWS\SYSTEM32\WINMM.dll
0x00007ffba7970000 - 0x00007ffba797a000 	C:\WINDOWS\SYSTEM32\VERSION.dll
0x00007ffbb5450000 - 0x00007ffbb5462000 	C:\WINDOWS\SYSTEM32\kernel.appcore.dll
0x00007ffba0ac0000 - 0x00007ffba0aca000 	C:\Program Files\JetBrains\IntelliJ IDEA 2022.2\jbr\bin\jimage.dll
0x00007ffba57c0000 - 0x00007ffba59a4000 	C:\WINDOWS\SYSTEM32\DBGHELP.DLL
0x00007ffba5640000 - 0x00007ffba566c000 	C:\WINDOWS\SYSTEM32\dbgcore.DLL
0x00007ffbb7b30000 - 0x00007ffbb7bb2000 	C:\WINDOWS\System32\bcryptPrimitives.dll
0x00007ffb451a0000 - 0x00007ffb451c5000 	C:\Program Files\JetBrains\IntelliJ IDEA 2022.2\jbr\bin\java.dll
0x00007ffb45180000 - 0x00007ffb45198000 	C:\Program Files\JetBrains\IntelliJ IDEA 2022.2\jbr\bin\zip.dll
0x00007ffbb94f0000 - 0x00007ffbb9c34000 	C:\WINDOWS\System32\SHELL32.dll
0x00007ffbb5650000 - 0x00007ffbb5de4000 	C:\WINDOWS\SYSTEM32\windows.storage.dll
0x00007ffbb8940000 - 0x00007ffbb8c94000 	C:\WINDOWS\System32\combase.dll
0x00007ffbb6fb0000 - 0x00007ffbb6fe0000 	C:\WINDOWS\SYSTEM32\Wldp.dll
0x00007ffbb8170000 - 0x00007ffbb821d000 	C:\WINDOWS\System32\SHCORE.dll
0x00007ffbb8e90000 - 0x00007ffbb8ee5000 	C:\WINDOWS\System32\shlwapi.dll
0x00007ffbb7490000 - 0x00007ffbb74af000 	C:\WINDOWS\SYSTEM32\profapi.dll
0x00007ffb9dbf0000 - 0x00007ffb9dc09000 	C:\Program Files\JetBrains\IntelliJ IDEA 2022.2\jbr\bin\net.dll
0x00007ffba7d10000 - 0x00007ffba7e1a000 	C:\WINDOWS\SYSTEM32\WINHTTP.dll
0x00007ffbb6ca0000 - 0x00007ffbb6d0a000 	C:\WINDOWS\system32\mswsock.dll
0x00007ffb47880000 - 0x00007ffb47896000 	C:\Program Files\JetBrains\IntelliJ IDEA 2022.2\jbr\bin\nio.dll

dbghelp: loaded successfully - version: 4.0.5 - missing functions: none
symbol engine: initialized successfully - sym options: 0x614 - pdb path: .;C:\Program Files\JetBrains\IntelliJ IDEA 2022.2\jbr\bin;C:\WINDOWS\SYSTEM32;C:\WINDOWS\WinSxS\amd64_microsoft.windows.common-controls_6595b64144ccf1df_6.0.19041.1110_none_60b5254171f9507e;C:\Program Files\JetBrains\IntelliJ IDEA 2022.2\jbr\bin\server

VM Arguments:
java_command: git4idea.http.GitAskPassApp Username for 'https://github.com': 
java_class_path (initial): C:/Program Files/JetBrains/IntelliJ IDEA 2022.2/plugins/git4idea/lib/git4idea-rt.jar;C:/Program Files/JetBrains/IntelliJ IDEA 2022.2/lib/externalProcess-rt.jar;C:/Program Files/JetBrains/IntelliJ IDEA 2022.2/lib/app.jar;C:/Program Files/JetBrains/IntelliJ IDEA 2022.2/lib/3rd-party-rt.jar
Launcher Type: SUN_STANDARD

[Global flags]
     intx CICompilerCount                          = 3                                         {product} {ergonomic}
     uint ConcGCThreads                            = 1                                         {product} {ergonomic}
     uint G1ConcRefinementThreads                  = 4                                         {product} {ergonomic}
   size_t G1HeapRegionSize                         = 1048576                                   {product} {ergonomic}
    uintx GCDrainStackTargetSize                   = 64                                        {product} {ergonomic}
   size_t InitialHeapSize                          = 134217728                                 {product} {ergonomic}
   size_t MarkStackSize                            = 4194304                                   {product} {ergonomic}
   size_t MaxHeapSize                              = 2130706432                                {product} {ergonomic}
   size_t MaxNewSize                               = 1278214144                                {product} {ergonomic}
   size_t MinHeapDeltaBytes                        = 1048576                                   {product} {ergonomic}
   size_t MinHeapSize                              = 8388608                                   {product} {ergonomic}
    uintx NonNMethodCodeHeapSize                   = 5832780                                {pd product} {ergonomic}
    uintx NonProfiledCodeHeapSize                  = 122912730                              {pd product} {ergonomic}
    uintx ProfiledCodeHeapSize                     = 122912730                              {pd product} {ergonomic}
    uintx ReservedCodeCacheSize                    = 251658240                              {pd product} {ergonomic}
     bool SegmentedCodeCache                       = true                                      {product} {ergonomic}
   size_t SoftMaxHeapSize                          = 2130706432                             {manageable} {ergonomic}
     bool UseCompressedClassPointers               = true                           {product lp64_product} {ergonomic}
     bool UseCompressedOops                        = true                           {product lp64_product} {ergonomic}
     bool UseG1GC                                  = true                                      {product} {ergonomic}
     bool UseLargePagesIndividualAllocation        = false                                  {pd product} {ergonomic}

Logging:
Log output configuration:
 #0: stdout all=warning uptime,level,tags
 #1: stderr all=off uptime,level,tags

Environment Variables:
JAVA_HOME=C:\Program Files\Java\jdk-11.0.15
PATH=C:\Program Files\Git\mingw64\libexec\git-core;C:\Program Files\Git\mingw64\libexec\git-core;C:\Program Files\Git\mingw64\bin;C:\Program Files\Git\usr\bin;C:\Users\seekerscloud\bin;C:\Program Files\Common Files\Oracle\Java\javapath;C:\Program Files (x86)\Common Files\Oracle\Java\javapath;C:\WINDOWS\system32;C:\WINDOWS;C:\WINDOWS\System32\Wbem;C:\WINDOWS\System32\WindowsPowerShell\v1.0;C:\WINDOWS\System32\OpenSSH;D:\Program Files\nodejs;C:\Program Files\Git\cmd;C:\Program Files\PuTTY;C:\Windows\System32\cmd.exe;C:\Program Files\Java\jdk1.8.0_202\bin;C:\Program Files\MySQL\MySQL Server 8.0\bin;C:\Program Files\MySQL\MySQL Shell 8.0\bin;C:\Users\seekerscloud\AppData\Local\Microsoft\WindowsApps;C:\Users\seekerscloud\AppData\Roaming\npm;C:\Program Files\JetBrains\IntelliJ IDEA 2022.2\bin
USERNAME=seekerscloud
DISPLAY=:0.0
LC_ALL=en_US.UTF-8
OS=Windows_NT
PROCESSOR_IDENTIFIER=Intel64 Family 6 Model 61 Stepping 4, GenuineIntel



---------------  S Y S T E M  ---------------

OS:
 Windows 10 , 64 bit Build 19041 (10.0.19041.1889)
OS uptime: 2 days 13:42 hours

CPU: total 4 (initial active 4) (2 cores per cpu, 2 threads per core) family 6 model 61 stepping 4 microcode 0x2d, cx8, cmov, fxsr, ht, mmx, 3dnowpref, sse, sse2, sse3, ssse3, sse4.1, sse4.2, popcnt, lzcnt, tsc, tscinvbit, avx, avx2, aes, erms, clmul, bmi1, bmi2, adx, fma, vzeroupper, clflush

Memory: 4k page, system-wide physical 8123M (1016M free)
TotalPageFile size 10171M (AvailPageFile size 4M)
current process WorkingSet (physical memory assigned to process): 44M, peak: 44M
current process commit charge ("private bytes"): 196M, peak: 196M

vm_info: OpenJDK 64-Bit Server VM (17.0.3+7-b469.32) for windows-amd64 JRE (17.0.3+7-b469.32), built on 2022-07-19 by "builduser" with MS VC++ 16.10 / 16.11 (VS2019)

END.
